# JRE version: OpenJDK Runtime Environment (8.0_76-b03) (build 1.8.0_76-release-b03)
# Java VM: OpenJDK 64-Bit Server VM (25.76-b03 mixed mode windows-amd64 compressed oops)
Heap:
 PSYoungGen      total 441344K, used 264684K [0x00000000e0000000, 0x00000000ff980000, 0x0000000100000000)
  eden space 368128K, 71% used [0x00000000e0000000,0x00000000f027b310,0x00000000f6780000)
  from space 73216K, 0% used [0x00000000fb200000,0x00000000fb200000,0x00000000ff980000)
  to   space 74752K, 0% used [0x00000000f6780000,0x00000000f6780000,0x00000000fb080000)
 ParOldGen       total 333312K, used 78227K [0x00000000a0000000, 0x00000000b4580000, 0x00000000e0000000)
  object space 333312K, 23% used [0x00000000a0000000,0x00000000a4c64db0,0x00000000b4580000)
 Metaspace       used 88379K, capacity 92656K, committed 92976K, reserved 1130496K
  class space    used 11408K, capacity 12260K, committed 12336K, reserved 1048576K
GC Heap History (10 events):
Event: 479.405 GC heap before
{Heap before GC invocations=26 (full 6):
 PSYoungGen      total 444416K, used 397894K [0x00000000e0000000, 0x0000000100000000, 0x0000000100000000)
  eden space 364544K, 99% used [0x00000000e0000000,0x00000000f63977a8,0x00000000f6400000)
  from space 79872K, 42% used [0x00000000f6400000,0x00000000f84fa2f0,0x00000000fb200000)
  to   space 76288K, 0% used [0x00000000fb580000,0x00000000fb580000,0x0000000100000000)
 ParOldGen       total 333312K, used 162293K [0x00000000a0000000, 0x00000000b4580000, 0x00000000e0000000)
  object space 333312K, 48% used [0x00000000a0000000,0x00000000a9e7d618,0x00000000b4580000)
 Metaspace       used 86868K, capacity 90552K, committed 90928K, reserved 1128448K
  class space    used 11195K, capacity 11973K, committed 12080K, reserved 1048576K
Event: 479.422 GC heap after
Heap after GC invocations=26 (full 6):
 PSYoungGen      total 441856K, used 96K [0x00000000e0000000, 0x00000000ffd80000, 0x0000000100000000)
  eden space 368128K, 0% used [0x00000000e0000000,0x00000000e0000000,0x00000000f6780000)
  from space 73728K, 0% used [0x00000000fb580000,0x00000000fb598000,0x00000000ffd80000)
  to   space 76800K, 0% used [0x00000000f6780000,0x00000000f6780000,0x00000000fb280000)
 ParOldGen       total 333312K, used 190647K [0x00000000a0000000, 0x00000000b4580000, 0x00000000e0000000)
  object space 333312K, 57% used [0x00000000a0000000,0x00000000aba2df28,0x00000000b4580000)
 Metaspace       used 86868K, capacity 90552K, committed 90928K, reserved 1128448K
  class space    used 11195K, capacity 11973K, committed 12080K, reserved 1048576K
}
Event: 479.803 GC heap before
{Heap before GC invocations=27 (full 6):
 PSYoungGen      total 441856K, used 28006K [0x00000000e0000000, 0x00000000ffd80000, 0x0000000100000000)
  eden space 368128K, 7% used [0x00000000e0000000,0x00000000e1b41ad0,0x00000000f6780000)
  from space 73728K, 0% used [0x00000000fb580000,0x00000000fb598000,0x00000000ffd80000)
  to   space 76800K, 0% used [0x00000000f6780000,0x00000000f6780000,0x00000000fb280000)
 ParOldGen       total 333312K, used 190647K [0x00000000a0000000, 0x00000000b4580000, 0x00000000e0000000)
  object space 333312K, 57% used [0x00000000a0000000,0x00000000aba2df28,0x00000000b4580000)
 Metaspace       used 86972K, capacity 90782K, committed 90928K, reserved 1128448K
  class space    used 11212K, capacity 11980K, committed 12080K, reserved 1048576K
Event: 479.807 GC heap after
Heap after GC invocations=27 (full 6):
 PSYoungGen      total 368640K, used 292K [0x00000000e0000000, 0x00000000ffc80000, 0x0000000100000000)
  eden space 368128K, 0% used [0x00000000e0000000,0x00000000e0000000,0x00000000f6780000)
  from space 512K, 57% used [0x00000000f6780000,0x00000000f67c9090,0x00000000f6800000)
  to   space 76288K, 0% used [0x00000000fb200000,0x00000000fb200000,0x00000000ffc80000)
 ParOldGen       total 333312K, used 190695K [0x00000000a0000000, 0x00000000b4580000, 0x00000000e0000000)
  object space 333312K, 57% used [0x00000000a0000000,0x00000000aba39f28,0x00000000b4580000)
 Metaspace       used 86972K, capacity 90782K, committed 90928K, reserved 1128448K
  class space    used 11212K, capacity 11980K, committed 12080K, reserved 1048576K
}
Event: 479.807 GC heap before
{Heap before GC invocations=28 (full 7):
 PSYoungGen      total 368640K, used 292K [0x00000000e0000000, 0x00000000ffc80000, 0x0000000100000000)
  eden space 368128K, 0% used [0x00000000e0000000,0x00000000e0000000,0x00000000f6780000)
  from space 512K, 57% used [0x00000000f6780000,0x00000000f67c9090,0x00000000f6800000)
  to   space 76288K, 0% used [0x00000000fb200000,0x00000000fb200000,0x00000000ffc80000)
 ParOldGen       total 333312K, used 190695K [0x00000000a0000000, 0x00000000b4580000, 0x00000000e0000000)
  object space 333312K, 57% used [0x00000000a0000000,0x00000000aba39f28,0x00000000b4580000)
 Metaspace       used 86972K, capacity 90782K, committed 90928K, reserved 1128448K
  class space    used 11212K, capacity 11980K, committed 12080K, reserved 1048576K
Event: 480.074 GC heap after
Heap after GC invocations=28 (full 7):
 PSYoungGen      total 368640K, used 0K [0x00000000e0000000, 0x00000000ffc80000, 0x0000000100000000)
  eden space 368128K, 0% used [0x00000000e0000000,0x00000000e0000000,0x00000000f6780000)
  from space 512K, 0% used [0x00000000f6780000,0x00000000f6780000,0x00000000f6800000)
  to   space 76288K, 0% used [0x00000000fb200000,0x00000000fb200000,0x00000000ffc80000)
 ParOldGen       total 333312K, used 72258K [0x00000000a0000000, 0x00000000b4580000, 0x00000000e0000000)
  object space 333312K, 21% used [0x00000000a0000000,0x00000000a46908d0,0x00000000b4580000)
 Metaspace       used 86972K, capacity 90782K, committed 90928K, reserved 1128448K
  class space    used 11212K, capacity 11980K, committed 12080K, reserved 1048576K
}
Event: 608.556 GC heap before
{Heap before GC invocations=29 (full 7):
 PSYoungGen      total 368640K, used 131583K [0x00000000e0000000, 0x00000000ffc80000, 0x0000000100000000)
  eden space 368128K, 35% used [0x00000000e0000000,0x00000000e807fe40,0x00000000f6780000)
  from space 512K, 0% used [0x00000000f6780000,0x00000000f6780000,0x00000000f6800000)
  to   space 76288K, 0% used [0x00000000fb200000,0x00000000fb200000,0x00000000ffc80000)
 ParOldGen       total 333312K, used 72258K [0x00000000a0000000, 0x00000000b4580000, 0x00000000e0000000)
  object space 333312K, 21% used [0x00000000a0000000,0x00000000a46908d0,0x00000000b4580000)
 Metaspace       used 88104K, capacity 92248K, committed 92464K, reserved 1130496K
  class space    used 11393K, capacity 12242K, committed 12336K, reserved 1048576K
Event: 608.561 GC heap after
Heap after GC invocations=29 (full 7):
 PSYoungGen      total 441344K, used 6430K [0x00000000e0000000, 0x00000000ff980000, 0x0000000100000000)
  eden space 368128K, 0% used [0x00000000e0000000,0x00000000e0000000,0x00000000f6780000)
  from space 73216K, 8% used [0x00000000fb200000,0x00000000fb8478c0,0x00000000ff980000)
  to   space 74752K, 0% used [0x00000000f6780000,0x00000000f6780000,0x00000000fb080000)
 ParOldGen       total 333312K, used 72266K [0x00000000a0000000, 0x00000000b4580000, 0x00000000e0000000)
  object space 333312K, 21% used [0x00000000a0000000,0x00000000a46928d0,0x00000000b4580000)
 Metaspace       used 88104K, capacity 92248K, committed 92464K, reserved 1130496K
  class space    used 11393K, capacity 12242K, committed 12336K, reserved 1048576K
}
Event: 608.561 GC heap before
{Heap before GC invocations=30 (full 8):
 PSYoungGen      total 441344K, used 6430K [0x00000000e0000000, 0x00000000ff980000, 0x0000000100000000)
  eden space 368128K, 0% used [0x00000000e0000000,0x00000000e0000000,0x00000000f6780000)
  from space 73216K, 8% used [0x00000000fb200000,0x00000000fb8478c0,0x00000000ff980000)
  to   space 74752K, 0% used [0x00000000f6780000,0x00000000f6780000,0x00000000fb080000)
 ParOldGen       total 333312K, used 72266K [0x00000000a0000000, 0x00000000b4580000, 0x00000000e0000000)
  object space 333312K, 21% used [0x00000000a0000000,0x00000000a46928d0,0x00000000b4580000)
 Metaspace       used 88104K, capacity 92248K, committed 92464K, reserved 1130496K
  class space    used 11393K, capacity 12242K, committed 12336K, reserved 1048576K
Event: 608.965 GC heap after
Heap after GC invocations=30 (full 8):
 PSYoungGen      total 441344K, used 0K [0x00000000e0000000, 0x00000000ff980000, 0x0000000100000000)
  eden space 368128K, 0% used [0x00000000e0000000,0x00000000e0000000,0x00000000f6780000)
  from space 73216K, 0% used [0x00000000fb200000,0x00000000fb200000,0x00000000ff980000)
  to   space 74752K, 0% used [0x00000000f6780000,0x00000000f6780000,0x00000000fb080000)
 ParOldGen       total 333312K, used 78227K [0x00000000a0000000, 0x00000000b4580000, 0x00000000e0000000)
  object space 333312K, 23% used [0x00000000a0000000,0x00000000a4c64db0,0x00000000b4580000)
 Metaspace       used 88104K, capacity 92248K, committed 92464K, reserved 1130496K
  class space    used 11393K, capacity 12242K, committed 12336K, reserved 1048576K
}

